INFO  - 2019-02-04 09:19:15.005; com.oracle.bowling.game.BowlingGameImpl; Ball rolled, Frame: 1, Ball:1
INFO  - 2019-02-04 09:19:15.014; com.oracle.bowling.game.BowlingGameImpl; Ball rolled, Frame: 1, Ball:2
INFO  - 2019-02-04 09:19:15.021; com.oracle.bowling.game.BowlingGameImpl; Ball rolled, Frame: 2, Ball:1
INFO  - 2019-02-04 09:19:15.021; com.oracle.bowling.game.BowlingScoreCalculator; Updating Score for Frame:2
INFO  - 2019-02-04 09:19:15.022; com.oracle.bowling.game.BowlingGameImpl; Ball rolled, Frame: 2, Ball:2
INFO  - 2019-02-04 09:19:15.022; com.oracle.bowling.game.BowlingGameImpl; Ball rolled, Frame: 3, Ball:1
INFO  - 2019-02-04 09:19:15.023; com.oracle.bowling.game.BowlingScoreCalculator; Updating Score for Frame:3
INFO  - 2019-02-04 09:19:15.023; com.oracle.bowling.game.BowlingGameImpl; Ball rolled, Frame: 3, Ball:2
INFO  - 2019-02-04 09:19:15.024; com.oracle.bowling.game.BowlingGameImpl; Ball rolled, Frame: 4, Ball:1
INFO  - 2019-02-04 09:19:15.024; com.oracle.bowling.game.BowlingScoreCalculator; Updating Score for Frame:4
INFO  - 2019-02-04 09:19:15.025; com.oracle.bowling.game.BowlingGameImpl; Ball rolled, Frame: 4, Ball:2
INFO  - 2019-02-04 09:19:15.026; com.oracle.bowling.game.BowlingGameImpl; Ball rolled, Frame: 5, Ball:1
INFO  - 2019-02-04 09:19:15.026; com.oracle.bowling.game.BowlingScoreCalculator; Updating Score for Frame:5
INFO  - 2019-02-04 09:19:15.026; com.oracle.bowling.game.BowlingGameImpl; Ball rolled, Frame: 5, Ball:2
INFO  - 2019-02-04 09:19:15.027; com.oracle.bowling.game.BowlingGameImpl; Ball rolled, Frame: 6, Ball:1
INFO  - 2019-02-04 09:19:15.027; com.oracle.bowling.game.BowlingScoreCalculator; Updating Score for Frame:6
INFO  - 2019-02-04 09:19:15.031; com.oracle.bowling.game.BowlingGameImpl; Ball rolled, Frame: 6, Ball:2
INFO  - 2019-02-04 09:19:15.031; com.oracle.bowling.game.BowlingGameImpl; Ball rolled, Frame: 7, Ball:1
INFO  - 2019-02-04 09:19:15.032; com.oracle.bowling.game.BowlingScoreCalculator; Updating Score for Frame:7
INFO  - 2019-02-04 09:19:15.032; com.oracle.bowling.game.BowlingGameImpl; Ball rolled, Frame: 7, Ball:2
INFO  - 2019-02-04 09:19:15.033; com.oracle.bowling.game.BowlingGameImpl; Ball rolled, Frame: 8, Ball:1
INFO  - 2019-02-04 09:19:15.033; com.oracle.bowling.game.BowlingScoreCalculator; Updating Score for Frame:8
INFO  - 2019-02-04 09:19:15.034; com.oracle.bowling.game.BowlingGameImpl; Ball rolled, Frame: 8, Ball:2
INFO  - 2019-02-04 09:19:15.034; com.oracle.bowling.game.BowlingGameImpl; Ball rolled, Frame: 9, Ball:1
INFO  - 2019-02-04 09:19:15.034; com.oracle.bowling.game.BowlingScoreCalculator; Updating Score for Frame:9
INFO  - 2019-02-04 09:19:15.035; com.oracle.bowling.game.BowlingGameImpl; Ball rolled, Frame: 9, Ball:2
INFO  - 2019-02-04 09:19:15.035; com.oracle.bowling.game.BowlingGameImpl; Ball rolled, Frame: 10, Ball:1
INFO  - 2019-02-04 09:19:15.036; com.oracle.bowling.game.BowlingScoreCalculator; Updating Score for Frame:10
INFO  - 2019-02-04 09:19:15.036; com.oracle.bowling.game.BowlingGameImpl; Ball rolled, Frame: 10, Ball:2
INFO  - 2019-02-04 09:19:15.037; com.oracle.bowling.game.BowlingScoreCalculator; Updating Score for Last Frame:10
INFO  - 2019-02-04 09:19:15.037; com.oracle.bowling.game.BowlingGameImpl; Ball rolled, Frame: 10, Ball:3
INFO  - 2019-02-04 09:19:15.038; com.oracle.bowling.game.BowlingScoreCalculator; Updating Score for Last Frame:10
INFO  - 2019-02-04 09:19:15.056; com.oracle.bowling.game.BowlingGameImpl; Ball rolled, Frame: 1, Ball:1
INFO  - 2019-02-04 09:19:15.057; com.oracle.bowling.game.BowlingGameImpl; Ball rolled, Frame: 2, Ball:1
INFO  - 2019-02-04 09:19:15.057; com.oracle.bowling.game.BowlingGameImpl; Ball rolled, Frame: 2, Ball:2
INFO  - 2019-02-04 09:19:15.058; com.oracle.bowling.game.BowlingScoreCalculator; Updating Score for Frame:2
INFO  - 2019-02-04 09:19:15.058; com.oracle.bowling.game.BowlingGameImpl; Ball rolled, Frame: 3, Ball:1
INFO  - 2019-02-04 09:19:15.059; com.oracle.bowling.game.BowlingGameImpl; Ball rolled, Frame: 4, Ball:1
INFO  - 2019-02-04 09:19:15.059; com.oracle.bowling.game.BowlingGameImpl; Ball rolled, Frame: 4, Ball:2
INFO  - 2019-02-04 09:19:15.059; com.oracle.bowling.game.BowlingScoreCalculator; Updating Score for Frame:4
INFO  - 2019-02-04 09:19:15.060; com.oracle.bowling.game.BowlingGameImpl; Ball rolled, Frame: 5, Ball:1
INFO  - 2019-02-04 09:19:15.060; com.oracle.bowling.game.BowlingGameImpl; Ball rolled, Frame: 6, Ball:1
INFO  - 2019-02-04 09:19:15.061; com.oracle.bowling.game.BowlingGameImpl; Ball rolled, Frame: 6, Ball:2
INFO  - 2019-02-04 09:19:15.061; com.oracle.bowling.game.BowlingScoreCalculator; Updating Score for Frame:6
INFO  - 2019-02-04 09:19:15.062; com.oracle.bowling.game.BowlingGameImpl; Ball rolled, Frame: 7, Ball:1
INFO  - 2019-02-04 09:19:15.062; com.oracle.bowling.game.BowlingGameImpl; Ball rolled, Frame: 8, Ball:1
INFO  - 2019-02-04 09:19:15.063; com.oracle.bowling.game.BowlingGameImpl; Ball rolled, Frame: 8, Ball:2
INFO  - 2019-02-04 09:19:15.063; com.oracle.bowling.game.BowlingScoreCalculator; Updating Score for Frame:8
INFO  - 2019-02-04 09:19:15.063; com.oracle.bowling.game.BowlingGameImpl; Ball rolled, Frame: 9, Ball:1
INFO  - 2019-02-04 09:19:15.064; com.oracle.bowling.game.BowlingGameImpl; Ball rolled, Frame: 10, Ball:1
INFO  - 2019-02-04 09:19:15.064; com.oracle.bowling.game.BowlingGameImpl; Ball rolled, Frame: 10, Ball:2
INFO  - 2019-02-04 09:19:15.065; com.oracle.bowling.game.BowlingScoreCalculator; Updating Score for Frame:10
INFO  - 2019-02-04 09:19:15.065; com.oracle.bowling.game.BowlingScoreCalculator; Updating Score for Last Frame:10
INFO  - 2019-02-04 09:19:15.065; com.oracle.bowling.game.BowlingGameImpl; Ball rolled, Frame: 10, Ball:3
INFO  - 2019-02-04 09:19:15.066; com.oracle.bowling.game.BowlingScoreCalculator; Updating Score for Last Frame:10
INFO  - 2019-02-04 09:19:15.068; com.oracle.bowling.game.BowlingGameImpl; Ball rolled, Frame: 1, Ball:1
INFO  - 2019-02-04 09:19:15.068; com.oracle.bowling.game.BowlingGameImpl; Ball rolled, Frame: 1, Ball:2
INFO  - 2019-02-04 09:19:15.069; com.oracle.bowling.game.BowlingGameImpl; Ball rolled, Frame: 2, Ball:1
INFO  - 2019-02-04 09:19:15.069; com.oracle.bowling.game.BowlingGameImpl; Ball rolled, Frame: 2, Ball:2
INFO  - 2019-02-04 09:19:15.070; com.oracle.bowling.game.BowlingGameImpl; Ball rolled, Frame: 3, Ball:1
INFO  - 2019-02-04 09:19:15.070; com.oracle.bowling.game.BowlingGameImpl; Ball rolled, Frame: 3, Ball:2
INFO  - 2019-02-04 09:19:15.070; com.oracle.bowling.game.BowlingGameImpl; Ball rolled, Frame: 4, Ball:1
INFO  - 2019-02-04 09:19:15.071; com.oracle.bowling.game.BowlingGameImpl; Ball rolled, Frame: 4, Ball:2
INFO  - 2019-02-04 09:19:15.071; com.oracle.bowling.game.BowlingGameImpl; Ball rolled, Frame: 5, Ball:1
INFO  - 2019-02-04 09:19:15.072; com.oracle.bowling.game.BowlingGameImpl; Ball rolled, Frame: 5, Ball:2
INFO  - 2019-02-04 09:19:15.072; com.oracle.bowling.game.BowlingGameImpl; Ball rolled, Frame: 6, Ball:1
INFO  - 2019-02-04 09:19:15.072; com.oracle.bowling.game.BowlingGameImpl; Ball rolled, Frame: 6, Ball:2
INFO  - 2019-02-04 09:19:15.073; com.oracle.bowling.game.BowlingGameImpl; Ball rolled, Frame: 7, Ball:1
INFO  - 2019-02-04 09:19:15.073; com.oracle.bowling.game.BowlingGameImpl; Ball rolled, Frame: 7, Ball:2
INFO  - 2019-02-04 09:19:15.074; com.oracle.bowling.game.BowlingGameImpl; Ball rolled, Frame: 8, Ball:1
INFO  - 2019-02-04 09:19:15.074; com.oracle.bowling.game.BowlingGameImpl; Ball rolled, Frame: 8, Ball:2
INFO  - 2019-02-04 09:19:15.074; com.oracle.bowling.game.BowlingGameImpl; Ball rolled, Frame: 9, Ball:1
INFO  - 2019-02-04 09:19:15.075; com.oracle.bowling.game.BowlingGameImpl; Ball rolled, Frame: 9, Ball:2
INFO  - 2019-02-04 09:19:15.075; com.oracle.bowling.game.BowlingGameImpl; Ball rolled, Frame: 10, Ball:1
INFO  - 2019-02-04 09:19:15.076; com.oracle.bowling.game.BowlingGameImpl; Ball rolled, Frame: 10, Ball:2
INFO  - 2019-02-04 09:19:15.076; com.oracle.bowling.game.BowlingScoreCalculator; Updating Score for Last Frame:10
INFO  - 2019-02-04 09:19:15.076; com.oracle.bowling.game.BowlingGameImpl; Ball rolled, Frame: 10, Ball:3
ERROR - 2019-02-04 09:19:15.077; com.oracle.bowling.game.BowlingGameImpl; Invalid Number of Pins or Negative Pins entered
INFO  - 2019-02-04 09:19:15.081; com.oracle.bowling.game.BowlingGameImpl; Ball rolled, Frame: 1, Ball:1
INFO  - 2019-02-04 09:19:15.081; com.oracle.bowling.game.BowlingGameImpl; Ball rolled, Frame: 1, Ball:2
INFO  - 2019-02-04 09:19:15.082; com.oracle.bowling.game.BowlingGameImpl; Ball rolled, Frame: 2, Ball:1
INFO  - 2019-02-04 09:19:15.082; com.oracle.bowling.game.BowlingGameImpl; Ball rolled, Frame: 2, Ball:2
INFO  - 2019-02-04 09:19:15.082; com.oracle.bowling.game.BowlingGameImpl; Ball rolled, Frame: 3, Ball:1
INFO  - 2019-02-04 09:19:15.083; com.oracle.bowling.game.BowlingGameImpl; Ball rolled, Frame: 3, Ball:2
INFO  - 2019-02-04 09:19:15.083; com.oracle.bowling.game.BowlingGameImpl; Ball rolled, Frame: 4, Ball:1
INFO  - 2019-02-04 09:19:15.084; com.oracle.bowling.game.BowlingGameImpl; Ball rolled, Frame: 4, Ball:2
INFO  - 2019-02-04 09:19:15.084; com.oracle.bowling.game.BowlingGameImpl; Ball rolled, Frame: 5, Ball:1
INFO  - 2019-02-04 09:19:15.084; com.oracle.bowling.game.BowlingGameImpl; Ball rolled, Frame: 5, Ball:2
INFO  - 2019-02-04 09:19:15.085; com.oracle.bowling.game.BowlingGameImpl; Ball rolled, Frame: 6, Ball:1
INFO  - 2019-02-04 09:19:15.085; com.oracle.bowling.game.BowlingGameImpl; Ball rolled, Frame: 6, Ball:2
INFO  - 2019-02-04 09:19:15.086; com.oracle.bowling.game.BowlingGameImpl; Ball rolled, Frame: 7, Ball:1
INFO  - 2019-02-04 09:19:15.086; com.oracle.bowling.game.BowlingGameImpl; Ball rolled, Frame: 7, Ball:2
INFO  - 2019-02-04 09:19:15.087; com.oracle.bowling.game.BowlingGameImpl; Ball rolled, Frame: 8, Ball:1
INFO  - 2019-02-04 09:19:15.087; com.oracle.bowling.game.BowlingGameImpl; Ball rolled, Frame: 8, Ball:2
INFO  - 2019-02-04 09:19:15.087; com.oracle.bowling.game.BowlingGameImpl; Ball rolled, Frame: 9, Ball:1
INFO  - 2019-02-04 09:19:15.088; com.oracle.bowling.game.BowlingGameImpl; Ball rolled, Frame: 9, Ball:2
INFO  - 2019-02-04 09:19:15.088; com.oracle.bowling.game.BowlingGameImpl; Ball rolled, Frame: 10, Ball:1
INFO  - 2019-02-04 09:19:15.089; com.oracle.bowling.game.BowlingGameImpl; Ball rolled, Frame: 10, Ball:2
INFO  - 2019-02-04 09:19:15.089; com.oracle.bowling.game.BowlingScoreCalculator; Updating Score for Last Frame:10
INFO  - 2019-02-04 09:19:15.089; com.oracle.bowling.game.BowlingGameImpl; Ball rolled, Frame: 10, Ball:3
INFO  - 2019-02-04 09:19:15.090; com.oracle.bowling.game.BowlingScoreCalculator; Updating Score for Last Frame:10
INFO  - 2019-02-04 09:19:15.092; com.oracle.bowling.game.BowlingGameImpl; Ball rolled, Frame: 1, Ball:1
INFO  - 2019-02-04 09:19:15.092; com.oracle.bowling.game.BowlingGameImpl; Ball rolled, Frame: 1, Ball:2
INFO  - 2019-02-04 09:19:15.093; com.oracle.bowling.game.BowlingGameImpl; Ball rolled, Frame: 2, Ball:1
INFO  - 2019-02-04 09:19:15.093; com.oracle.bowling.game.BowlingGameImpl; Ball rolled, Frame: 2, Ball:2
INFO  - 2019-02-04 09:19:15.094; com.oracle.bowling.game.BowlingGameImpl; Ball rolled, Frame: 3, Ball:1
INFO  - 2019-02-04 09:19:15.094; com.oracle.bowling.game.BowlingGameImpl; Ball rolled, Frame: 4, Ball:1
INFO  - 2019-02-04 09:19:15.095; com.oracle.bowling.game.BowlingGameImpl; Ball rolled, Frame: 4, Ball:2
INFO  - 2019-02-04 09:19:15.095; com.oracle.bowling.game.BowlingScoreCalculator; Updating Score for Frame:4
INFO  - 2019-02-04 09:19:15.095; com.oracle.bowling.game.BowlingGameImpl; Ball rolled, Frame: 5, Ball:1
INFO  - 2019-02-04 09:19:15.096; com.oracle.bowling.game.BowlingGameImpl; Ball rolled, Frame: 5, Ball:2
INFO  - 2019-02-04 09:19:15.096; com.oracle.bowling.game.BowlingGameImpl; Ball rolled, Frame: 6, Ball:1
INFO  - 2019-02-04 09:19:15.097; com.oracle.bowling.game.BowlingScoreCalculator; Updating Score for Frame:6
INFO  - 2019-02-04 09:19:15.097; com.oracle.bowling.game.BowlingGameImpl; Ball rolled, Frame: 7, Ball:1
INFO  - 2019-02-04 09:19:15.097; com.oracle.bowling.game.BowlingGameImpl; Ball rolled, Frame: 8, Ball:1
INFO  - 2019-02-04 09:19:15.098; com.oracle.bowling.game.BowlingScoreCalculator; Updating Score for Frame:8
INFO  - 2019-02-04 09:19:15.098; com.oracle.bowling.game.BowlingGameImpl; Ball rolled, Frame: 8, Ball:2
INFO  - 2019-02-04 09:19:15.099; com.oracle.bowling.game.BowlingScoreCalculator; Updating Score for Frame:8
INFO  - 2019-02-04 09:19:15.099; com.oracle.bowling.game.BowlingGameImpl; Ball rolled, Frame: 9, Ball:1
INFO  - 2019-02-04 09:19:15.099; com.oracle.bowling.game.BowlingGameImpl; Ball rolled, Frame: 9, Ball:2
INFO  - 2019-02-04 09:19:15.100; com.oracle.bowling.game.BowlingGameImpl; Ball rolled, Frame: 10, Ball:1
INFO  - 2019-02-04 09:19:15.100; com.oracle.bowling.game.BowlingGameImpl; Ball rolled, Frame: 10, Ball:2
INFO  - 2019-02-04 09:19:15.101; com.oracle.bowling.game.BowlingScoreCalculator; Updating Score for Last Frame:10
INFO  - 2019-02-04 09:19:15.101; com.oracle.bowling.game.BowlingGameImpl; Ball rolled, Frame: 10, Ball:3
INFO  - 2019-02-04 09:19:15.101; com.oracle.bowling.game.BowlingScoreCalculator; Updating Score for Last Frame:10
INFO  - 2019-02-04 09:19:15.104; com.oracle.bowling.game.BowlingGameImpl; Ball rolled, Frame: 1, Ball:1
INFO  - 2019-02-04 09:19:15.104; com.oracle.bowling.game.BowlingGameImpl; Ball rolled, Frame: 1, Ball:2
INFO  - 2019-02-04 09:19:15.105; com.oracle.bowling.game.BowlingGameImpl; Ball rolled, Frame: 2, Ball:1
INFO  - 2019-02-04 09:19:15.116; com.oracle.bowling.game.BowlingGameImpl; Ball rolled, Frame: 2, Ball:2
INFO  - 2019-02-04 09:19:15.117; com.oracle.bowling.game.BowlingGameImpl; Ball rolled, Frame: 3, Ball:1
INFO  - 2019-02-04 09:19:15.117; com.oracle.bowling.game.BowlingGameImpl; Ball rolled, Frame: 3, Ball:2
INFO  - 2019-02-04 09:19:15.117; com.oracle.bowling.game.BowlingGameImpl; Ball rolled, Frame: 4, Ball:1
INFO  - 2019-02-04 09:19:15.118; com.oracle.bowling.game.BowlingGameImpl; Ball rolled, Frame: 4, Ball:2
INFO  - 2019-02-04 09:19:15.118; com.oracle.bowling.game.BowlingGameImpl; Ball rolled, Frame: 5, Ball:1
INFO  - 2019-02-04 09:19:15.118; com.oracle.bowling.game.BowlingGameImpl; Ball rolled, Frame: 5, Ball:2
INFO  - 2019-02-04 09:19:15.119; com.oracle.bowling.game.BowlingGameImpl; Ball rolled, Frame: 6, Ball:1
INFO  - 2019-02-04 09:19:15.119; com.oracle.bowling.game.BowlingGameImpl; Ball rolled, Frame: 6, Ball:2
INFO  - 2019-02-04 09:19:15.120; com.oracle.bowling.game.BowlingGameImpl; Ball rolled, Frame: 7, Ball:1
INFO  - 2019-02-04 09:19:15.120; com.oracle.bowling.game.BowlingGameImpl; Ball rolled, Frame: 7, Ball:2
INFO  - 2019-02-04 09:19:15.120; com.oracle.bowling.game.BowlingGameImpl; Ball rolled, Frame: 8, Ball:1
INFO  - 2019-02-04 09:19:15.121; com.oracle.bowling.game.BowlingGameImpl; Ball rolled, Frame: 8, Ball:2
INFO  - 2019-02-04 09:19:15.121; com.oracle.bowling.game.BowlingGameImpl; Ball rolled, Frame: 9, Ball:1
INFO  - 2019-02-04 09:19:15.122; com.oracle.bowling.game.BowlingGameImpl; Ball rolled, Frame: 9, Ball:2
INFO  - 2019-02-04 09:19:15.122; com.oracle.bowling.game.BowlingGameImpl; Ball rolled, Frame: 10, Ball:1
INFO  - 2019-02-04 09:19:15.122; com.oracle.bowling.game.BowlingGameImpl; Ball rolled, Frame: 10, Ball:2
INFO  - 2019-02-04 09:19:15.123; com.oracle.bowling.game.BowlingScoreCalculator; Updating Score for Last Frame:10
INFO  - 2019-02-04 09:19:15.129; com.oracle.bowling.game.BowlingGameImpl; Ball rolled, Frame: 1, Ball:1
INFO  - 2019-02-04 09:19:15.129; com.oracle.bowling.game.BowlingGameImpl; Ball rolled, Frame: 1, Ball:2
INFO  - 2019-02-04 09:19:15.130; com.oracle.bowling.game.BowlingGameImpl; Ball rolled, Frame: 2, Ball:1
INFO  - 2019-02-04 09:19:15.130; com.oracle.bowling.game.BowlingGameImpl; Ball rolled, Frame: 3, Ball:1
INFO  - 2019-02-04 09:19:15.130; com.oracle.bowling.game.BowlingGameImpl; Ball rolled, Frame: 3, Ball:2
INFO  - 2019-02-04 09:19:15.131; com.oracle.bowling.game.BowlingScoreCalculator; Updating Score for Frame:3
INFO  - 2019-02-04 09:19:15.131; com.oracle.bowling.game.BowlingGameImpl; Ball rolled, Frame: 4, Ball:1
INFO  - 2019-02-04 09:19:15.132; com.oracle.bowling.game.BowlingGameImpl; Ball rolled, Frame: 4, Ball:2
INFO  - 2019-02-04 09:19:15.132; com.oracle.bowling.game.BowlingGameImpl; Ball rolled, Frame: 5, Ball:1
INFO  - 2019-02-04 09:19:15.132; com.oracle.bowling.game.BowlingGameImpl; Ball rolled, Frame: 5, Ball:2
INFO  - 2019-02-04 09:19:15.133; com.oracle.bowling.game.BowlingGameImpl; Ball rolled, Frame: 6, Ball:1
INFO  - 2019-02-04 09:19:15.133; com.oracle.bowling.game.BowlingScoreCalculator; Updating Score for Frame:6
INFO  - 2019-02-04 09:19:15.136; com.oracle.bowling.game.BowlingGameImpl; Ball rolled, Frame: 1, Ball:1
INFO  - 2019-02-04 09:19:15.136; com.oracle.bowling.game.BowlingGameImpl; Ball rolled, Frame: 1, Ball:2
INFO  - 2019-02-04 09:19:15.136; com.oracle.bowling.game.BowlingGameImpl; Ball rolled, Frame: 2, Ball:1
INFO  - 2019-02-04 09:19:15.137; com.oracle.bowling.game.BowlingGameImpl; Ball rolled, Frame: 2, Ball:2
INFO  - 2019-02-04 09:19:15.137; com.oracle.bowling.game.BowlingGameImpl; Ball rolled, Frame: 3, Ball:1
INFO  - 2019-02-04 09:19:15.138; com.oracle.bowling.game.BowlingGameImpl; Ball rolled, Frame: 3, Ball:2
INFO  - 2019-02-04 09:19:15.138; com.oracle.bowling.game.BowlingGameImpl; Ball rolled, Frame: 4, Ball:1
INFO  - 2019-02-04 09:19:15.138; com.oracle.bowling.game.BowlingScoreCalculator; Updating Score for Frame:4
INFO  - 2019-02-04 09:19:15.139; com.oracle.bowling.game.BowlingGameImpl; Ball rolled, Frame: 4, Ball:2
INFO  - 2019-02-04 09:19:15.139; com.oracle.bowling.game.BowlingGameImpl; Ball rolled, Frame: 5, Ball:1
INFO  - 2019-02-04 09:19:15.139; com.oracle.bowling.game.BowlingScoreCalculator; Updating Score for Frame:5
INFO  - 2019-02-04 09:19:15.140; com.oracle.bowling.game.BowlingGameImpl; Ball rolled, Frame: 6, Ball:1
INFO  - 2019-02-04 09:19:15.140; com.oracle.bowling.game.BowlingGameImpl; Ball rolled, Frame: 6, Ball:2
INFO  - 2019-02-04 09:19:15.140; com.oracle.bowling.game.BowlingScoreCalculator; Updating Score for Frame:6
INFO  - 2019-02-04 09:19:15.141; com.oracle.bowling.game.BowlingGameImpl; Ball rolled, Frame: 7, Ball:1
INFO  - 2019-02-04 09:19:15.141; com.oracle.bowling.game.BowlingGameImpl; Ball rolled, Frame: 7, Ball:2
INFO  - 2019-02-04 09:19:15.141; com.oracle.bowling.game.BowlingGameImpl; Ball rolled, Frame: 8, Ball:1
INFO  - 2019-02-04 09:19:15.142; com.oracle.bowling.game.BowlingScoreCalculator; Updating Score for Frame:8
INFO  - 2019-02-04 09:19:15.142; com.oracle.bowling.game.BowlingGameImpl; Ball rolled, Frame: 8, Ball:2
INFO  - 2019-02-04 09:19:15.142; com.oracle.bowling.game.BowlingGameImpl; Ball rolled, Frame: 9, Ball:1
INFO  - 2019-02-04 09:19:15.143; com.oracle.bowling.game.BowlingScoreCalculator; Updating Score for Frame:9
INFO  - 2019-02-04 09:19:15.143; com.oracle.bowling.game.BowlingGameImpl; Ball rolled, Frame: 10, Ball:1
INFO  - 2019-02-04 09:19:15.143; com.oracle.bowling.game.BowlingGameImpl; Ball rolled, Frame: 10, Ball:2
INFO  - 2019-02-04 09:19:15.144; com.oracle.bowling.game.BowlingScoreCalculator; Updating Score for Frame:10
INFO  - 2019-02-04 09:19:15.144; com.oracle.bowling.game.BowlingScoreCalculator; Updating Score for Last Frame:10
INFO  - 2019-02-04 09:19:15.144; com.oracle.bowling.game.BowlingGameImpl; Ball rolled, Frame: 10, Ball:3
INFO  - 2019-02-04 09:19:15.145; com.oracle.bowling.game.BowlingScoreCalculator; Updating Score for Last Frame:10
INFO  - 2019-02-04 09:19:15.147; com.oracle.bowling.game.BowlingGameImpl; Ball rolled, Frame: 1, Ball:1
INFO  - 2019-02-04 09:19:15.147; com.oracle.bowling.game.BowlingGameImpl; Ball rolled, Frame: 2, Ball:1
INFO  - 2019-02-04 09:19:15.147; com.oracle.bowling.game.BowlingGameImpl; Ball rolled, Frame: 3, Ball:1
INFO  - 2019-02-04 09:19:15.148; com.oracle.bowling.game.BowlingScoreCalculator; Updating Score for Frame:3
INFO  - 2019-02-04 09:19:15.148; com.oracle.bowling.game.BowlingGameImpl; Ball rolled, Frame: 4, Ball:1
INFO  - 2019-02-04 09:19:15.148; com.oracle.bowling.game.BowlingScoreCalculator; Updating Score for Frame:4
INFO  - 2019-02-04 09:19:15.149; com.oracle.bowling.game.BowlingGameImpl; Ball rolled, Frame: 5, Ball:1
INFO  - 2019-02-04 09:19:15.149; com.oracle.bowling.game.BowlingScoreCalculator; Updating Score for Frame:5
INFO  - 2019-02-04 09:19:15.149; com.oracle.bowling.game.BowlingGameImpl; Ball rolled, Frame: 6, Ball:1
INFO  - 2019-02-04 09:19:15.150; com.oracle.bowling.game.BowlingScoreCalculator; Updating Score for Frame:6
INFO  - 2019-02-04 09:19:15.150; com.oracle.bowling.game.BowlingGameImpl; Ball rolled, Frame: 7, Ball:1
INFO  - 2019-02-04 09:19:15.151; com.oracle.bowling.game.BowlingScoreCalculator; Updating Score for Frame:7
INFO  - 2019-02-04 09:19:15.151; com.oracle.bowling.game.BowlingGameImpl; Ball rolled, Frame: 8, Ball:1
INFO  - 2019-02-04 09:19:15.151; com.oracle.bowling.game.BowlingScoreCalculator; Updating Score for Frame:8
INFO  - 2019-02-04 09:19:15.151; com.oracle.bowling.game.BowlingGameImpl; Ball rolled, Frame: 9, Ball:1
INFO  - 2019-02-04 09:19:15.152; com.oracle.bowling.game.BowlingScoreCalculator; Updating Score for Frame:9
INFO  - 2019-02-04 09:19:15.152; com.oracle.bowling.game.BowlingGameImpl; Ball rolled, Frame: 10, Ball:1
INFO  - 2019-02-04 09:19:15.152; com.oracle.bowling.game.BowlingScoreCalculator; Updating Score for Frame:10
INFO  - 2019-02-04 09:19:15.153; com.oracle.bowling.game.BowlingGameImpl; Ball rolled, Frame: 10, Ball:2
INFO  - 2019-02-04 09:19:15.153; com.oracle.bowling.game.BowlingScoreCalculator; Updating Score for Frame:10
INFO  - 2019-02-04 09:19:15.153; com.oracle.bowling.game.BowlingScoreCalculator; Updating Score for Last Frame:10
INFO  - 2019-02-04 09:19:15.154; com.oracle.bowling.game.BowlingGameImpl; Ball rolled, Frame: 10, Ball:3
INFO  - 2019-02-04 09:19:15.154; com.oracle.bowling.game.BowlingScoreCalculator; Updating Score for Last Frame:10
INFO  - 2019-02-04 09:19:15.156; com.oracle.bowling.game.BowlingGameImpl; Ball rolled, Frame: 1, Ball:1
INFO  - 2019-02-04 09:19:15.156; com.oracle.bowling.game.BowlingGameImpl; Ball rolled, Frame: 1, Ball:2
INFO  - 2019-02-04 09:19:15.157; com.oracle.bowling.game.BowlingGameImpl; Ball rolled, Frame: 2, Ball:1
INFO  - 2019-02-04 09:19:15.157; com.oracle.bowling.game.BowlingScoreCalculator; Updating Score for Frame:2
INFO  - 2019-02-04 09:19:15.157; com.oracle.bowling.game.BowlingGameImpl; Ball rolled, Frame: 2, Ball:2
INFO  - 2019-02-04 09:19:15.158; com.oracle.bowling.game.BowlingGameImpl; Ball rolled, Frame: 3, Ball:1
INFO  - 2019-02-04 09:19:15.158; com.oracle.bowling.game.BowlingGameImpl; Ball rolled, Frame: 3, Ball:2
INFO  - 2019-02-04 09:19:15.158; com.oracle.bowling.game.BowlingGameImpl; Ball rolled, Frame: 4, Ball:1
INFO  - 2019-02-04 09:19:15.159; com.oracle.bowling.game.BowlingGameImpl; Ball rolled, Frame: 4, Ball:2
INFO  - 2019-02-04 09:19:15.159; com.oracle.bowling.game.BowlingGameImpl; Ball rolled, Frame: 5, Ball:1
ERROR - 2019-02-04 09:19:15.159; com.oracle.bowling.game.BowlingGameImpl; Invalid Number of Pins or Negative Pins entered
INFO  - 2019-02-04 09:19:15.161; com.oracle.bowling.game.BowlingGameImpl; Ball rolled, Frame: 1, Ball:1
INFO  - 2019-02-04 09:19:15.162; com.oracle.bowling.game.BowlingGameImpl; Ball rolled, Frame: 2, Ball:1
INFO  - 2019-02-04 09:19:15.163; com.oracle.bowling.game.BowlingGameImpl; Ball rolled, Frame: 2, Ball:2
INFO  - 2019-02-04 09:19:15.163; com.oracle.bowling.game.BowlingScoreCalculator; Updating Score for Frame:2
INFO  - 2019-02-04 09:19:15.163; com.oracle.bowling.game.BowlingGameImpl; Ball rolled, Frame: 3, Ball:1
INFO  - 2019-02-04 09:19:15.164; com.oracle.bowling.game.BowlingScoreCalculator; Updating Score for Frame:3
INFO  - 2019-02-04 09:19:15.164; com.oracle.bowling.game.BowlingGameImpl; Ball rolled, Frame: 4, Ball:1
INFO  - 2019-02-04 09:19:15.164; com.oracle.bowling.game.BowlingGameImpl; Ball rolled, Frame: 4, Ball:2
INFO  - 2019-02-04 09:19:15.165; com.oracle.bowling.game.BowlingScoreCalculator; Updating Score for Frame:4
INFO  - 2019-02-04 09:19:15.165; com.oracle.bowling.game.BowlingGameImpl; Ball rolled, Frame: 5, Ball:1
INFO  - 2019-02-04 09:19:15.165; com.oracle.bowling.game.BowlingGameImpl; Ball rolled, Frame: 5, Ball:2
INFO  - 2019-02-04 09:19:15.165; com.oracle.bowling.game.BowlingGameImpl; Ball rolled, Frame: 6, Ball:1
INFO  - 2019-02-04 09:19:15.166; com.oracle.bowling.game.BowlingScoreCalculator; Updating Score for Frame:6
INFO  - 2019-02-04 09:19:15.166; com.oracle.bowling.game.BowlingGameImpl; Ball rolled, Frame: 6, Ball:2
INFO  - 2019-02-04 09:19:15.166; com.oracle.bowling.game.BowlingGameImpl; Ball rolled, Frame: 7, Ball:1
INFO  - 2019-02-04 09:19:15.167; com.oracle.bowling.game.BowlingGameImpl; Ball rolled, Frame: 8, Ball:1
INFO  - 2019-02-04 09:19:15.167; com.oracle.bowling.game.BowlingGameImpl; Ball rolled, Frame: 8, Ball:2
INFO  - 2019-02-04 09:19:15.167; com.oracle.bowling.game.BowlingScoreCalculator; Updating Score for Frame:8
INFO  - 2019-02-04 09:19:15.168; com.oracle.bowling.game.BowlingGameImpl; Ball rolled, Frame: 9, Ball:1
INFO  - 2019-02-04 09:19:15.168; com.oracle.bowling.game.BowlingGameImpl; Ball rolled, Frame: 9, Ball:2
INFO  - 2019-02-04 09:19:15.169; com.oracle.bowling.game.BowlingGameImpl; Ball rolled, Frame: 10, Ball:1
INFO  - 2019-02-04 09:19:15.169; com.oracle.bowling.game.BowlingGameImpl; Ball rolled, Frame: 10, Ball:2
INFO  - 2019-02-04 09:19:15.169; com.oracle.bowling.game.BowlingScoreCalculator; Updating Score for Last Frame:10
INFO  - 2019-02-04 09:19:15.170; com.oracle.bowling.game.BowlingGameImpl; Ball rolled, Frame: 10, Ball:3
INFO  - 2019-02-04 09:19:15.170; com.oracle.bowling.game.BowlingScoreCalculator; Updating Score for Last Frame:10
Ball rolled, Frame: 1, Ball:1
Ball rolled, Frame: 1, Ball:2
Ball rolled, Frame: 2, Ball:1
Updating Score for Frame:2
Ball rolled, Frame: 2, Ball:2
Ball rolled, Frame: 3, Ball:1
Updating Score for Frame:3
Ball rolled, Frame: 3, Ball:2
Ball rolled, Frame: 4, Ball:1
Updating Score for Frame:4
Ball rolled, Frame: 4, Ball:2
Ball rolled, Frame: 5, Ball:1
Updating Score for Frame:5
Ball rolled, Frame: 5, Ball:2
Ball rolled, Frame: 6, Ball:1
Updating Score for Frame:6
Ball rolled, Frame: 6, Ball:2
Ball rolled, Frame: 7, Ball:1
Updating Score for Frame:7
Ball rolled, Frame: 7, Ball:2
Ball rolled, Frame: 8, Ball:1
Updating Score for Frame:8
Ball rolled, Frame: 8, Ball:2
Ball rolled, Frame: 9, Ball:1
Updating Score for Frame:9
Ball rolled, Frame: 9, Ball:2
Ball rolled, Frame: 10, Ball:1
Updating Score for Frame:10
Ball rolled, Frame: 10, Ball:2
Updating Score for Last Frame:10
Ball rolled, Frame: 10, Ball:3
Updating Score for Last Frame:10
Ball rolled, Frame: 1, Ball:1
Ball rolled, Frame: 2, Ball:1
Ball rolled, Frame: 2, Ball:2
Updating Score for Frame:2
Ball rolled, Frame: 3, Ball:1
Ball rolled, Frame: 4, Ball:1
Ball rolled, Frame: 4, Ball:2
Updating Score for Frame:4
Ball rolled, Frame: 5, Ball:1
Ball rolled, Frame: 6, Ball:1
Ball rolled, Frame: 6, Ball:2
Updating Score for Frame:6
Ball rolled, Frame: 7, Ball:1
Ball rolled, Frame: 8, Ball:1
Ball rolled, Frame: 8, Ball:2
Updating Score for Frame:8
Ball rolled, Frame: 9, Ball:1
Ball rolled, Frame: 10, Ball:1
Ball rolled, Frame: 10, Ball:2
Updating Score for Frame:10
Updating Score for Last Frame:10
Ball rolled, Frame: 10, Ball:3
Updating Score for Last Frame:10
Ball rolled, Frame: 1, Ball:1
Ball rolled, Frame: 1, Ball:2
Ball rolled, Frame: 2, Ball:1
Ball rolled, Frame: 2, Ball:2
Ball rolled, Frame: 3, Ball:1
Ball rolled, Frame: 3, Ball:2
Ball rolled, Frame: 4, Ball:1
Ball rolled, Frame: 4, Ball:2
Ball rolled, Frame: 5, Ball:1
Ball rolled, Frame: 5, Ball:2
Ball rolled, Frame: 6, Ball:1
Ball rolled, Frame: 6, Ball:2
Ball rolled, Frame: 7, Ball:1
Ball rolled, Frame: 7, Ball:2
Ball rolled, Frame: 8, Ball:1
Ball rolled, Frame: 8, Ball:2
Ball rolled, Frame: 9, Ball:1
Ball rolled, Frame: 9, Ball:2
Ball rolled, Frame: 10, Ball:1
Ball rolled, Frame: 10, Ball:2
Updating Score for Last Frame:10
Ball rolled, Frame: 10, Ball:3
Invalid Number of Pins or Negative Pins entered
Ball rolled, Frame: 1, Ball:1
Ball rolled, Frame: 1, Ball:2
Ball rolled, Frame: 2, Ball:1
Ball rolled, Frame: 2, Ball:2
Ball rolled, Frame: 3, Ball:1
Ball rolled, Frame: 3, Ball:2
Ball rolled, Frame: 4, Ball:1
Ball rolled, Frame: 4, Ball:2
Ball rolled, Frame: 5, Ball:1
Ball rolled, Frame: 5, Ball:2
Ball rolled, Frame: 6, Ball:1
Ball rolled, Frame: 6, Ball:2
Ball rolled, Frame: 7, Ball:1
Ball rolled, Frame: 7, Ball:2
Ball rolled, Frame: 8, Ball:1
Ball rolled, Frame: 8, Ball:2
Ball rolled, Frame: 9, Ball:1
Ball rolled, Frame: 9, Ball:2
Ball rolled, Frame: 10, Ball:1
Ball rolled, Frame: 10, Ball:2
Updating Score for Last Frame:10
Ball rolled, Frame: 10, Ball:3
Updating Score for Last Frame:10
Ball rolled, Frame: 1, Ball:1
Ball rolled, Frame: 1, Ball:2
Ball rolled, Frame: 2, Ball:1
Ball rolled, Frame: 2, Ball:2
Ball rolled, Frame: 3, Ball:1
Ball rolled, Frame: 4, Ball:1
Ball rolled, Frame: 4, Ball:2
Updating Score for Frame:4
Ball rolled, Frame: 5, Ball:1
Ball rolled, Frame: 5, Ball:2
Ball rolled, Frame: 6, Ball:1
Updating Score for Frame:6
Ball rolled, Frame: 7, Ball:1
Ball rolled, Frame: 8, Ball:1
Updating Score for Frame:8
Ball rolled, Frame: 8, Ball:2
Updating Score for Frame:8
Ball rolled, Frame: 9, Ball:1
Ball rolled, Frame: 9, Ball:2
Ball rolled, Frame: 10, Ball:1
Ball rolled, Frame: 10, Ball:2
Updating Score for Last Frame:10
Ball rolled, Frame: 10, Ball:3
Updating Score for Last Frame:10
Ball rolled, Frame: 1, Ball:1
Ball rolled, Frame: 1, Ball:2
Ball rolled, Frame: 2, Ball:1
Ball rolled, Frame: 2, Ball:2
Ball rolled, Frame: 3, Ball:1
Ball rolled, Frame: 3, Ball:2
Ball rolled, Frame: 4, Ball:1
Ball rolled, Frame: 4, Ball:2
Ball rolled, Frame: 5, Ball:1
Ball rolled, Frame: 5, Ball:2
Ball rolled, Frame: 6, Ball:1
Ball rolled, Frame: 6, Ball:2
Ball rolled, Frame: 7, Ball:1
Ball rolled, Frame: 7, Ball:2
Ball rolled, Frame: 8, Ball:1
Ball rolled, Frame: 8, Ball:2
Ball rolled, Frame: 9, Ball:1
Ball rolled, Frame: 9, Ball:2
Ball rolled, Frame: 10, Ball:1
Ball rolled, Frame: 10, Ball:2
Updating Score for Last Frame:10
Ball rolled, Frame: 1, Ball:1
Ball rolled, Frame: 1, Ball:2
Ball rolled, Frame: 2, Ball:1
Ball rolled, Frame: 3, Ball:1
Ball rolled, Frame: 3, Ball:2
Updating Score for Frame:3
Ball rolled, Frame: 4, Ball:1
Ball rolled, Frame: 4, Ball:2
Ball rolled, Frame: 5, Ball:1
Ball rolled, Frame: 5, Ball:2
Ball rolled, Frame: 6, Ball:1
Updating Score for Frame:6
Ball rolled, Frame: 1, Ball:1
Ball rolled, Frame: 1, Ball:2
Ball rolled, Frame: 2, Ball:1
Ball rolled, Frame: 2, Ball:2
Ball rolled, Frame: 3, Ball:1
Ball rolled, Frame: 3, Ball:2
Ball rolled, Frame: 4, Ball:1
Updating Score for Frame:4
Ball rolled, Frame: 4, Ball:2
Ball rolled, Frame: 5, Ball:1
Updating Score for Frame:5
Ball rolled, Frame: 6, Ball:1
Ball rolled, Frame: 6, Ball:2
Updating Score for Frame:6
Ball rolled, Frame: 7, Ball:1
Ball rolled, Frame: 7, Ball:2
Ball rolled, Frame: 8, Ball:1
Updating Score for Frame:8
Ball rolled, Frame: 8, Ball:2
Ball rolled, Frame: 9, Ball:1
Updating Score for Frame:9
Ball rolled, Frame: 10, Ball:1
Ball rolled, Frame: 10, Ball:2
Updating Score for Frame:10
Updating Score for Last Frame:10
Ball rolled, Frame: 10, Ball:3
Updating Score for Last Frame:10
Ball rolled, Frame: 1, Ball:1
Ball rolled, Frame: 2, Ball:1
Ball rolled, Frame: 3, Ball:1
Updating Score for Frame:3
Ball rolled, Frame: 4, Ball:1
Updating Score for Frame:4
Ball rolled, Frame: 5, Ball:1
Updating Score for Frame:5
Ball rolled, Frame: 6, Ball:1
Updating Score for Frame:6
Ball rolled, Frame: 7, Ball:1
Updating Score for Frame:7
Ball rolled, Frame: 8, Ball:1
Updating Score for Frame:8
Ball rolled, Frame: 9, Ball:1
Updating Score for Frame:9
Ball rolled, Frame: 10, Ball:1
Updating Score for Frame:10
Ball rolled, Frame: 10, Ball:2
Updating Score for Frame:10
Updating Score for Last Frame:10
Ball rolled, Frame: 10, Ball:3
Updating Score for Last Frame:10
Ball rolled, Frame: 1, Ball:1
Ball rolled, Frame: 1, Ball:2
Ball rolled, Frame: 2, Ball:1
Updating Score for Frame:2
Ball rolled, Frame: 2, Ball:2
Ball rolled, Frame: 3, Ball:1
Ball rolled, Frame: 3, Ball:2
Ball rolled, Frame: 4, Ball:1
Ball rolled, Frame: 4, Ball:2
Ball rolled, Frame: 5, Ball:1
Invalid Number of Pins or Negative Pins entered
Ball rolled, Frame: 1, Ball:1
Ball rolled, Frame: 2, Ball:1
Ball rolled, Frame: 2, Ball:2
Updating Score for Frame:2
Ball rolled, Frame: 3, Ball:1
Updating Score for Frame:3
Ball rolled, Frame: 4, Ball:1
Ball rolled, Frame: 4, Ball:2
Updating Score for Frame:4
Ball rolled, Frame: 5, Ball:1
Ball rolled, Frame: 5, Ball:2
Ball rolled, Frame: 6, Ball:1
Updating Score for Frame:6
Ball rolled, Frame: 6, Ball:2
Ball rolled, Frame: 7, Ball:1
Ball rolled, Frame: 8, Ball:1
Ball rolled, Frame: 8, Ball:2
Updating Score for Frame:8
Ball rolled, Frame: 9, Ball:1
Ball rolled, Frame: 9, Ball:2
Ball rolled, Frame: 10, Ball:1
Ball rolled, Frame: 10, Ball:2
Updating Score for Last Frame:10
Ball rolled, Frame: 10, Ball:3
Updating Score for Last Frame:10
Ball rolled, Frame: 1, Ball:1
Ball rolled, Frame: 1, Ball:2
Ball rolled, Frame: 2, Ball:1
Updating Score for Frame:2
Ball rolled, Frame: 2, Ball:2
Ball rolled, Frame: 3, Ball:1
Updating Score for Frame:3
Ball rolled, Frame: 3, Ball:2
Ball rolled, Frame: 4, Ball:1
Updating Score for Frame:4
Ball rolled, Frame: 4, Ball:2
Ball rolled, Frame: 5, Ball:1
Updating Score for Frame:5
Ball rolled, Frame: 5, Ball:2
Ball rolled, Frame: 6, Ball:1
Updating Score for Frame:6
Ball rolled, Frame: 6, Ball:2
Ball rolled, Frame: 7, Ball:1
Updating Score for Frame:7
Ball rolled, Frame: 7, Ball:2
Ball rolled, Frame: 8, Ball:1
Updating Score for Frame:8
Ball rolled, Frame: 8, Ball:2
Ball rolled, Frame: 9, Ball:1
Updating Score for Frame:9
Ball rolled, Frame: 9, Ball:2
Ball rolled, Frame: 10, Ball:1
Updating Score for Frame:10
Ball rolled, Frame: 10, Ball:2
Updating Score for Last Frame:10
Ball rolled, Frame: 10, Ball:3
Updating Score for Last Frame:10
Ball rolled, Frame: 1, Ball:1
Ball rolled, Frame: 2, Ball:1
Ball rolled, Frame: 2, Ball:2
Updating Score for Frame:2
Ball rolled, Frame: 3, Ball:1
Ball rolled, Frame: 4, Ball:1
Ball rolled, Frame: 4, Ball:2
Updating Score for Frame:4
Ball rolled, Frame: 5, Ball:1
Ball rolled, Frame: 6, Ball:1
Ball rolled, Frame: 6, Ball:2
Updating Score for Frame:6
Ball rolled, Frame: 7, Ball:1
Ball rolled, Frame: 8, Ball:1
Ball rolled, Frame: 8, Ball:2
Updating Score for Frame:8
Ball rolled, Frame: 9, Ball:1
Ball rolled, Frame: 10, Ball:1
Ball rolled, Frame: 10, Ball:2
Updating Score for Frame:10
Updating Score for Last Frame:10
Ball rolled, Frame: 10, Ball:3
Updating Score for Last Frame:10
Ball rolled, Frame: 1, Ball:1
Ball rolled, Frame: 1, Ball:2
Ball rolled, Frame: 2, Ball:1
Ball rolled, Frame: 2, Ball:2
Ball rolled, Frame: 3, Ball:1
Ball rolled, Frame: 3, Ball:2
Ball rolled, Frame: 4, Ball:1
Ball rolled, Frame: 4, Ball:2
Ball rolled, Frame: 5, Ball:1
Ball rolled, Frame: 5, Ball:2
Ball rolled, Frame: 6, Ball:1
Ball rolled, Frame: 6, Ball:2
Ball rolled, Frame: 7, Ball:1
Ball rolled, Frame: 7, Ball:2
Ball rolled, Frame: 8, Ball:1
Ball rolled, Frame: 8, Ball:2
Ball rolled, Frame: 9, Ball:1
Ball rolled, Frame: 9, Ball:2
Ball rolled, Frame: 10, Ball:1
Ball rolled, Frame: 10, Ball:2
Updating Score for Last Frame:10
Ball rolled, Frame: 10, Ball:3
Invalid Number of Pins or Negative Pins entered
Ball rolled, Frame: 1, Ball:1
Ball rolled, Frame: 1, Ball:2
Ball rolled, Frame: 2, Ball:1
Ball rolled, Frame: 2, Ball:2
Ball rolled, Frame: 3, Ball:1
Ball rolled, Frame: 3, Ball:2
Ball rolled, Frame: 4, Ball:1
Ball rolled, Frame: 4, Ball:2
Ball rolled, Frame: 5, Ball:1
Ball rolled, Frame: 5, Ball:2
Ball rolled, Frame: 6, Ball:1
Ball rolled, Frame: 6, Ball:2
Ball rolled, Frame: 7, Ball:1
Ball rolled, Frame: 7, Ball:2
Ball rolled, Frame: 8, Ball:1
Ball rolled, Frame: 8, Ball:2
Ball rolled, Frame: 9, Ball:1
Ball rolled, Frame: 9, Ball:2
Ball rolled, Frame: 10, Ball:1
Ball rolled, Frame: 10, Ball:2
Updating Score for Last Frame:10
Ball rolled, Frame: 10, Ball:3
Updating Score for Last Frame:10
Ball rolled, Frame: 1, Ball:1
Ball rolled, Frame: 1, Ball:2
Ball rolled, Frame: 2, Ball:1
Ball rolled, Frame: 2, Ball:2
Ball rolled, Frame: 3, Ball:1
Ball rolled, Frame: 4, Ball:1
Ball rolled, Frame: 4, Ball:2
Updating Score for Frame:4
Ball rolled, Frame: 5, Ball:1
Ball rolled, Frame: 5, Ball:2
Ball rolled, Frame: 6, Ball:1
Updating Score for Frame:6
Ball rolled, Frame: 7, Ball:1
Ball rolled, Frame: 8, Ball:1
Updating Score for Frame:8
Ball rolled, Frame: 8, Ball:2
Updating Score for Frame:8
Ball rolled, Frame: 9, Ball:1
Ball rolled, Frame: 9, Ball:2
Ball rolled, Frame: 10, Ball:1
Ball rolled, Frame: 10, Ball:2
Updating Score for Last Frame:10
Ball rolled, Frame: 10, Ball:3
Updating Score for Last Frame:10
Ball rolled, Frame: 1, Ball:1
Ball rolled, Frame: 1, Ball:2
Ball rolled, Frame: 2, Ball:1
Ball rolled, Frame: 2, Ball:2
Ball rolled, Frame: 3, Ball:1
Ball rolled, Frame: 3, Ball:2
Ball rolled, Frame: 4, Ball:1
Ball rolled, Frame: 4, Ball:2
Ball rolled, Frame: 5, Ball:1
Ball rolled, Frame: 5, Ball:2
Ball rolled, Frame: 6, Ball:1
Ball rolled, Frame: 6, Ball:2
Ball rolled, Frame: 7, Ball:1
Ball rolled, Frame: 7, Ball:2
Ball rolled, Frame: 8, Ball:1
Ball rolled, Frame: 8, Ball:2
Ball rolled, Frame: 9, Ball:1
Ball rolled, Frame: 9, Ball:2
Ball rolled, Frame: 10, Ball:1
Ball rolled, Frame: 10, Ball:2
Updating Score for Last Frame:10
Ball rolled, Frame: 1, Ball:1
Ball rolled, Frame: 1, Ball:2
Ball rolled, Frame: 2, Ball:1
Ball rolled, Frame: 3, Ball:1
Ball rolled, Frame: 3, Ball:2
Updating Score for Frame:3
Ball rolled, Frame: 4, Ball:1
Ball rolled, Frame: 4, Ball:2
Ball rolled, Frame: 5, Ball:1
Ball rolled, Frame: 5, Ball:2
Ball rolled, Frame: 6, Ball:1
Updating Score for Frame:6
Ball rolled, Frame: 1, Ball:1
Ball rolled, Frame: 1, Ball:2
Ball rolled, Frame: 2, Ball:1
Ball rolled, Frame: 2, Ball:2
Ball rolled, Frame: 3, Ball:1
Ball rolled, Frame: 3, Ball:2
Ball rolled, Frame: 4, Ball:1
Updating Score for Frame:4
Ball rolled, Frame: 4, Ball:2
Ball rolled, Frame: 5, Ball:1
Updating Score for Frame:5
Ball rolled, Frame: 6, Ball:1
Ball rolled, Frame: 6, Ball:2
Updating Score for Frame:6
Ball rolled, Frame: 7, Ball:1
Ball rolled, Frame: 7, Ball:2
Ball rolled, Frame: 8, Ball:1
Updating Score for Frame:8
Ball rolled, Frame: 8, Ball:2
Ball rolled, Frame: 9, Ball:1
Updating Score for Frame:9
Ball rolled, Frame: 10, Ball:1
Ball rolled, Frame: 10, Ball:2
Updating Score for Frame:10
Updating Score for Last Frame:10
Ball rolled, Frame: 10, Ball:3
Updating Score for Last Frame:10
Ball rolled, Frame: 1, Ball:1
Ball rolled, Frame: 2, Ball:1
Ball rolled, Frame: 3, Ball:1
Updating Score for Frame:3
Ball rolled, Frame: 4, Ball:1
Updating Score for Frame:4
Ball rolled, Frame: 5, Ball:1
Updating Score for Frame:5
Ball rolled, Frame: 6, Ball:1
Updating Score for Frame:6
Ball rolled, Frame: 7, Ball:1
Updating Score for Frame:7
Ball rolled, Frame: 8, Ball:1
Updating Score for Frame:8
Ball rolled, Frame: 9, Ball:1
Updating Score for Frame:9
Ball rolled, Frame: 10, Ball:1
Updating Score for Frame:10
Ball rolled, Frame: 10, Ball:2
Updating Score for Frame:10
Updating Score for Last Frame:10
Ball rolled, Frame: 10, Ball:3
Updating Score for Last Frame:10
Ball rolled, Frame: 1, Ball:1
Ball rolled, Frame: 1, Ball:2
Ball rolled, Frame: 2, Ball:1
Updating Score for Frame:2
Ball rolled, Frame: 2, Ball:2
Ball rolled, Frame: 3, Ball:1
Ball rolled, Frame: 3, Ball:2
Ball rolled, Frame: 4, Ball:1
Ball rolled, Frame: 4, Ball:2
Ball rolled, Frame: 5, Ball:1
Invalid Number of Pins or Negative Pins entered
Ball rolled, Frame: 1, Ball:1
Ball rolled, Frame: 2, Ball:1
Ball rolled, Frame: 2, Ball:2
Updating Score for Frame:2
Ball rolled, Frame: 3, Ball:1
Updating Score for Frame:3
Ball rolled, Frame: 4, Ball:1
Ball rolled, Frame: 4, Ball:2
Updating Score for Frame:4
Ball rolled, Frame: 5, Ball:1
Ball rolled, Frame: 5, Ball:2
Ball rolled, Frame: 6, Ball:1
Updating Score for Frame:6
Ball rolled, Frame: 6, Ball:2
Ball rolled, Frame: 7, Ball:1
Ball rolled, Frame: 8, Ball:1
Ball rolled, Frame: 8, Ball:2
Updating Score for Frame:8
Ball rolled, Frame: 9, Ball:1
Ball rolled, Frame: 9, Ball:2
Ball rolled, Frame: 10, Ball:1
Ball rolled, Frame: 10, Ball:2
Updating Score for Last Frame:10
Ball rolled, Frame: 10, Ball:3
Updating Score for Last Frame:10
Ball rolled, Frame: 1, Ball:1
Ball rolled, Frame: 1, Ball:2
Ball rolled, Frame: 2, Ball:1
Updating Score for Frame:2
Ball rolled, Frame: 2, Ball:2
Ball rolled, Frame: 3, Ball:1
Updating Score for Frame:3
Ball rolled, Frame: 3, Ball:2
Ball rolled, Frame: 4, Ball:1
Updating Score for Frame:4
Ball rolled, Frame: 4, Ball:2
Ball rolled, Frame: 5, Ball:1
Updating Score for Frame:5
Ball rolled, Frame: 5, Ball:2
Ball rolled, Frame: 6, Ball:1
Updating Score for Frame:6
Ball rolled, Frame: 6, Ball:2
Ball rolled, Frame: 7, Ball:1
Updating Score for Frame:7
Ball rolled, Frame: 7, Ball:2
Ball rolled, Frame: 8, Ball:1
Updating Score for Frame:8
Ball rolled, Frame: 8, Ball:2
Ball rolled, Frame: 9, Ball:1
Updating Score for Frame:9
Ball rolled, Frame: 9, Ball:2
Ball rolled, Frame: 10, Ball:1
Updating Score for Frame:10
Ball rolled, Frame: 10, Ball:2
Updating Score for Last Frame:10
Ball rolled, Frame: 10, Ball:3
Updating Score for Last Frame:10
Ball rolled, Frame: 1, Ball:1
Ball rolled, Frame: 2, Ball:1
Ball rolled, Frame: 2, Ball:2
Updating Score for Frame:2
Ball rolled, Frame: 3, Ball:1
Ball rolled, Frame: 4, Ball:1
Ball rolled, Frame: 4, Ball:2
Updating Score for Frame:4
Ball rolled, Frame: 5, Ball:1
Ball rolled, Frame: 6, Ball:1
Ball rolled, Frame: 6, Ball:2
Updating Score for Frame:6
Ball rolled, Frame: 7, Ball:1
Ball rolled, Frame: 8, Ball:1
Ball rolled, Frame: 8, Ball:2
Updating Score for Frame:8
Ball rolled, Frame: 9, Ball:1
Ball rolled, Frame: 10, Ball:1
Ball rolled, Frame: 10, Ball:2
Updating Score for Frame:10
Updating Score for Last Frame:10
Ball rolled, Frame: 10, Ball:3
Updating Score for Last Frame:10
Ball rolled, Frame: 1, Ball:1
Ball rolled, Frame: 1, Ball:2
Ball rolled, Frame: 2, Ball:1
Ball rolled, Frame: 2, Ball:2
Ball rolled, Frame: 3, Ball:1
Ball rolled, Frame: 3, Ball:2
Ball rolled, Frame: 4, Ball:1
Ball rolled, Frame: 4, Ball:2
Ball rolled, Frame: 5, Ball:1
Ball rolled, Frame: 5, Ball:2
Ball rolled, Frame: 6, Ball:1
Ball rolled, Frame: 6, Ball:2
Ball rolled, Frame: 7, Ball:1
Ball rolled, Frame: 7, Ball:2
Ball rolled, Frame: 8, Ball:1
Ball rolled, Frame: 8, Ball:2
Ball rolled, Frame: 9, Ball:1
Ball rolled, Frame: 9, Ball:2
Ball rolled, Frame: 10, Ball:1
Ball rolled, Frame: 10, Ball:2
Updating Score for Last Frame:10
Ball rolled, Frame: 10, Ball:3
Invalid Number of Pins or Negative Pins entered
Ball rolled, Frame: 1, Ball:1
Ball rolled, Frame: 1, Ball:2
Ball rolled, Frame: 2, Ball:1
Ball rolled, Frame: 2, Ball:2
Ball rolled, Frame: 3, Ball:1
Ball rolled, Frame: 3, Ball:2
Ball rolled, Frame: 4, Ball:1
Ball rolled, Frame: 4, Ball:2
Ball rolled, Frame: 5, Ball:1
Ball rolled, Frame: 5, Ball:2
Ball rolled, Frame: 6, Ball:1
Ball rolled, Frame: 6, Ball:2
Ball rolled, Frame: 7, Ball:1
Ball rolled, Frame: 7, Ball:2
Ball rolled, Frame: 8, Ball:1
Ball rolled, Frame: 8, Ball:2
Ball rolled, Frame: 9, Ball:1
Ball rolled, Frame: 9, Ball:2
Ball rolled, Frame: 10, Ball:1
Ball rolled, Frame: 10, Ball:2
Updating Score for Last Frame:10
Ball rolled, Frame: 10, Ball:3
Updating Score for Last Frame:10
Ball rolled, Frame: 1, Ball:1
Ball rolled, Frame: 1, Ball:2
Ball rolled, Frame: 2, Ball:1
Ball rolled, Frame: 2, Ball:2
Ball rolled, Frame: 3, Ball:1
Ball rolled, Frame: 4, Ball:1
Ball rolled, Frame: 4, Ball:2
Updating Score for Frame:4
Ball rolled, Frame: 5, Ball:1
Ball rolled, Frame: 5, Ball:2
Ball rolled, Frame: 6, Ball:1
Updating Score for Frame:6
Ball rolled, Frame: 7, Ball:1
Ball rolled, Frame: 8, Ball:1
Updating Score for Frame:8
Ball rolled, Frame: 8, Ball:2
Updating Score for Frame:8
Ball rolled, Frame: 9, Ball:1
Ball rolled, Frame: 9, Ball:2
Ball rolled, Frame: 10, Ball:1
Ball rolled, Frame: 10, Ball:2
Updating Score for Last Frame:10
Ball rolled, Frame: 10, Ball:3
Updating Score for Last Frame:10
Ball rolled, Frame: 1, Ball:1
Ball rolled, Frame: 1, Ball:2
Ball rolled, Frame: 2, Ball:1
Ball rolled, Frame: 2, Ball:2
Ball rolled, Frame: 3, Ball:1
Ball rolled, Frame: 3, Ball:2
Ball rolled, Frame: 4, Ball:1
Ball rolled, Frame: 4, Ball:2
Ball rolled, Frame: 5, Ball:1
Ball rolled, Frame: 5, Ball:2
Ball rolled, Frame: 6, Ball:1
Ball rolled, Frame: 6, Ball:2
Ball rolled, Frame: 7, Ball:1
Ball rolled, Frame: 7, Ball:2
Ball rolled, Frame: 8, Ball:1
Ball rolled, Frame: 8, Ball:2
Ball rolled, Frame: 9, Ball:1
Ball rolled, Frame: 9, Ball:2
Ball rolled, Frame: 10, Ball:1
Ball rolled, Frame: 10, Ball:2
Updating Score for Last Frame:10
Ball rolled, Frame: 1, Ball:1
Ball rolled, Frame: 1, Ball:2
Ball rolled, Frame: 2, Ball:1
Ball rolled, Frame: 3, Ball:1
Ball rolled, Frame: 3, Ball:2
Updating Score for Frame:3
Ball rolled, Frame: 4, Ball:1
Ball rolled, Frame: 4, Ball:2
Ball rolled, Frame: 5, Ball:1
Ball rolled, Frame: 5, Ball:2
Ball rolled, Frame: 6, Ball:1
Updating Score for Frame:6
Ball rolled, Frame: 1, Ball:1
Ball rolled, Frame: 1, Ball:2
Ball rolled, Frame: 2, Ball:1
Ball rolled, Frame: 2, Ball:2
Ball rolled, Frame: 3, Ball:1
Ball rolled, Frame: 3, Ball:2
Ball rolled, Frame: 4, Ball:1
Updating Score for Frame:4
Ball rolled, Frame: 4, Ball:2
Ball rolled, Frame: 5, Ball:1
Updating Score for Frame:5
Ball rolled, Frame: 6, Ball:1
Ball rolled, Frame: 6, Ball:2
Updating Score for Frame:6
Ball rolled, Frame: 7, Ball:1
Ball rolled, Frame: 7, Ball:2
Ball rolled, Frame: 8, Ball:1
Updating Score for Frame:8
Ball rolled, Frame: 8, Ball:2
Ball rolled, Frame: 9, Ball:1
Updating Score for Frame:9
Ball rolled, Frame: 10, Ball:1
Ball rolled, Frame: 10, Ball:2
Updating Score for Frame:10
Updating Score for Last Frame:10
Ball rolled, Frame: 10, Ball:3
Updating Score for Last Frame:10
Ball rolled, Frame: 1, Ball:1
Ball rolled, Frame: 2, Ball:1
Ball rolled, Frame: 3, Ball:1
Updating Score for Frame:3
Ball rolled, Frame: 4, Ball:1
Updating Score for Frame:4
Ball rolled, Frame: 5, Ball:1
Updating Score for Frame:5
Ball rolled, Frame: 6, Ball:1
Updating Score for Frame:6
Ball rolled, Frame: 7, Ball:1
Updating Score for Frame:7
Ball rolled, Frame: 8, Ball:1
Updating Score for Frame:8
Ball rolled, Frame: 9, Ball:1
Updating Score for Frame:9
Ball rolled, Frame: 10, Ball:1
Updating Score for Frame:10
Ball rolled, Frame: 10, Ball:2
Updating Score for Frame:10
Updating Score for Last Frame:10
Ball rolled, Frame: 10, Ball:3
Updating Score for Last Frame:10
Ball rolled, Frame: 1, Ball:1
Ball rolled, Frame: 1, Ball:2
Ball rolled, Frame: 2, Ball:1
Updating Score for Frame:2
Ball rolled, Frame: 2, Ball:2
Ball rolled, Frame: 3, Ball:1
Ball rolled, Frame: 3, Ball:2
Ball rolled, Frame: 4, Ball:1
Ball rolled, Frame: 4, Ball:2
Ball rolled, Frame: 5, Ball:1
Invalid Number of Pins or Negative Pins entered
Ball rolled, Frame: 1, Ball:1
Ball rolled, Frame: 2, Ball:1
Ball rolled, Frame: 2, Ball:2
Updating Score for Frame:2
Ball rolled, Frame: 3, Ball:1
Updating Score for Frame:3
Ball rolled, Frame: 4, Ball:1
Ball rolled, Frame: 4, Ball:2
Updating Score for Frame:4
Ball rolled, Frame: 5, Ball:1
Ball rolled, Frame: 5, Ball:2
Ball rolled, Frame: 6, Ball:1
Updating Score for Frame:6
Ball rolled, Frame: 6, Ball:2
Ball rolled, Frame: 7, Ball:1
Ball rolled, Frame: 8, Ball:1
Ball rolled, Frame: 8, Ball:2
Updating Score for Frame:8
Ball rolled, Frame: 9, Ball:1
Ball rolled, Frame: 9, Ball:2
Ball rolled, Frame: 10, Ball:1
Ball rolled, Frame: 10, Ball:2
Updating Score for Last Frame:10
Ball rolled, Frame: 10, Ball:3
Updating Score for Last Frame:10
Ball rolled, Frame: 1, Ball:1
Ball rolled, Frame: 1, Ball:2
Ball rolled, Frame: 2, Ball:1
Updating Score for Frame:2
Ball rolled, Frame: 2, Ball:2
Ball rolled, Frame: 3, Ball:1
Updating Score for Frame:3
Ball rolled, Frame: 3, Ball:2
Ball rolled, Frame: 4, Ball:1
Updating Score for Frame:4
Ball rolled, Frame: 4, Ball:2
Ball rolled, Frame: 5, Ball:1
Updating Score for Frame:5
Ball rolled, Frame: 5, Ball:2
Ball rolled, Frame: 6, Ball:1
Updating Score for Frame:6
Ball rolled, Frame: 6, Ball:2
Ball rolled, Frame: 7, Ball:1
Updating Score for Frame:7
Ball rolled, Frame: 7, Ball:2
Ball rolled, Frame: 8, Ball:1
Updating Score for Frame:8
Ball rolled, Frame: 8, Ball:2
Ball rolled, Frame: 9, Ball:1
Updating Score for Frame:9
Ball rolled, Frame: 9, Ball:2
Ball rolled, Frame: 10, Ball:1
Updating Score for Frame:10
Ball rolled, Frame: 10, Ball:2
Updating Score for Last Frame:10
Ball rolled, Frame: 10, Ball:3
Updating Score for Last Frame:10
Ball rolled, Frame: 1, Ball:1
Ball rolled, Frame: 2, Ball:1
Ball rolled, Frame: 2, Ball:2
Updating Score for Frame:2
Ball rolled, Frame: 3, Ball:1
Ball rolled, Frame: 4, Ball:1
Ball rolled, Frame: 4, Ball:2
Updating Score for Frame:4
Ball rolled, Frame: 5, Ball:1
Ball rolled, Frame: 6, Ball:1
Ball rolled, Frame: 6, Ball:2
Updating Score for Frame:6
Ball rolled, Frame: 7, Ball:1
Ball rolled, Frame: 8, Ball:1
Ball rolled, Frame: 8, Ball:2
Updating Score for Frame:8
Ball rolled, Frame: 9, Ball:1
Ball rolled, Frame: 10, Ball:1
Ball rolled, Frame: 10, Ball:2
Updating Score for Frame:10
Updating Score for Last Frame:10
Ball rolled, Frame: 10, Ball:3
Updating Score for Last Frame:10
Ball rolled, Frame: 1, Ball:1
Ball rolled, Frame: 1, Ball:2
Ball rolled, Frame: 2, Ball:1
Ball rolled, Frame: 2, Ball:2
Ball rolled, Frame: 3, Ball:1
Ball rolled, Frame: 3, Ball:2
Ball rolled, Frame: 4, Ball:1
Ball rolled, Frame: 4, Ball:2
Ball rolled, Frame: 5, Ball:1
Ball rolled, Frame: 5, Ball:2
Ball rolled, Frame: 6, Ball:1
Ball rolled, Frame: 6, Ball:2
Ball rolled, Frame: 7, Ball:1
Ball rolled, Frame: 7, Ball:2
Ball rolled, Frame: 8, Ball:1
Ball rolled, Frame: 8, Ball:2
Ball rolled, Frame: 9, Ball:1
Ball rolled, Frame: 9, Ball:2
Ball rolled, Frame: 10, Ball:1
Ball rolled, Frame: 10, Ball:2
Updating Score for Last Frame:10
Ball rolled, Frame: 10, Ball:3
Invalid Number of Pins or Negative Pins entered
Ball rolled, Frame: 1, Ball:1
Ball rolled, Frame: 1, Ball:2
Ball rolled, Frame: 2, Ball:1
Ball rolled, Frame: 2, Ball:2
Ball rolled, Frame: 3, Ball:1
Ball rolled, Frame: 3, Ball:2
Ball rolled, Frame: 4, Ball:1
Ball rolled, Frame: 4, Ball:2
Ball rolled, Frame: 5, Ball:1
Ball rolled, Frame: 5, Ball:2
Ball rolled, Frame: 6, Ball:1
Ball rolled, Frame: 6, Ball:2
Ball rolled, Frame: 7, Ball:1
Ball rolled, Frame: 7, Ball:2
Ball rolled, Frame: 8, Ball:1
Ball rolled, Frame: 8, Ball:2
Ball rolled, Frame: 9, Ball:1
Ball rolled, Frame: 9, Ball:2
Ball rolled, Frame: 10, Ball:1
Ball rolled, Frame: 10, Ball:2
Updating Score for Last Frame:10
Ball rolled, Frame: 10, Ball:3
Updating Score for Last Frame:10
Ball rolled, Frame: 1, Ball:1
Ball rolled, Frame: 1, Ball:2
Ball rolled, Frame: 2, Ball:1
Ball rolled, Frame: 2, Ball:2
Ball rolled, Frame: 3, Ball:1
Ball rolled, Frame: 4, Ball:1
Ball rolled, Frame: 4, Ball:2
Updating Score for Frame:4
Ball rolled, Frame: 5, Ball:1
Ball rolled, Frame: 5, Ball:2
Ball rolled, Frame: 6, Ball:1
Updating Score for Frame:6
Ball rolled, Frame: 7, Ball:1
Ball rolled, Frame: 8, Ball:1
Updating Score for Frame:8
Ball rolled, Frame: 8, Ball:2
Updating Score for Frame:8
Ball rolled, Frame: 9, Ball:1
Ball rolled, Frame: 9, Ball:2
Ball rolled, Frame: 10, Ball:1
Ball rolled, Frame: 10, Ball:2
Updating Score for Last Frame:10
Ball rolled, Frame: 10, Ball:3
Updating Score for Last Frame:10
Ball rolled, Frame: 1, Ball:1
Ball rolled, Frame: 1, Ball:2
Ball rolled, Frame: 2, Ball:1
Ball rolled, Frame: 2, Ball:2
Ball rolled, Frame: 3, Ball:1
Ball rolled, Frame: 3, Ball:2
Ball rolled, Frame: 4, Ball:1
Ball rolled, Frame: 4, Ball:2
Ball rolled, Frame: 5, Ball:1
Ball rolled, Frame: 5, Ball:2
Ball rolled, Frame: 6, Ball:1
Ball rolled, Frame: 6, Ball:2
Ball rolled, Frame: 7, Ball:1
Ball rolled, Frame: 7, Ball:2
Ball rolled, Frame: 8, Ball:1
Ball rolled, Frame: 8, Ball:2
Ball rolled, Frame: 9, Ball:1
Ball rolled, Frame: 9, Ball:2
Ball rolled, Frame: 10, Ball:1
Ball rolled, Frame: 10, Ball:2
Updating Score for Last Frame:10
Ball rolled, Frame: 1, Ball:1
Ball rolled, Frame: 1, Ball:2
Ball rolled, Frame: 2, Ball:1
Ball rolled, Frame: 3, Ball:1
Ball rolled, Frame: 3, Ball:2
Updating Score for Frame:3
Ball rolled, Frame: 4, Ball:1
Ball rolled, Frame: 4, Ball:2
Ball rolled, Frame: 5, Ball:1
Ball rolled, Frame: 5, Ball:2
Ball rolled, Frame: 6, Ball:1
Updating Score for Frame:6
Ball rolled, Frame: 1, Ball:1
Ball rolled, Frame: 1, Ball:2
Ball rolled, Frame: 2, Ball:1
Ball rolled, Frame: 2, Ball:2
Ball rolled, Frame: 3, Ball:1
Ball rolled, Frame: 3, Ball:2
Ball rolled, Frame: 4, Ball:1
Updating Score for Frame:4
Ball rolled, Frame: 4, Ball:2
Ball rolled, Frame: 5, Ball:1
Updating Score for Frame:5
Ball rolled, Frame: 6, Ball:1
Ball rolled, Frame: 6, Ball:2
Updating Score for Frame:6
Ball rolled, Frame: 7, Ball:1
Ball rolled, Frame: 7, Ball:2
Ball rolled, Frame: 8, Ball:1
Updating Score for Frame:8
Ball rolled, Frame: 8, Ball:2
Ball rolled, Frame: 9, Ball:1
Updating Score for Frame:9
Ball rolled, Frame: 10, Ball:1
Ball rolled, Frame: 10, Ball:2
Updating Score for Frame:10
Updating Score for Last Frame:10
Ball rolled, Frame: 10, Ball:3
Updating Score for Last Frame:10
Ball rolled, Frame: 1, Ball:1
Ball rolled, Frame: 2, Ball:1
Ball rolled, Frame: 3, Ball:1
Updating Score for Frame:3
Ball rolled, Frame: 4, Ball:1
Updating Score for Frame:4
Ball rolled, Frame: 5, Ball:1
Updating Score for Frame:5
Ball rolled, Frame: 6, Ball:1
Updating Score for Frame:6
Ball rolled, Frame: 7, Ball:1
Updating Score for Frame:7
Ball rolled, Frame: 8, Ball:1
Updating Score for Frame:8
Ball rolled, Frame: 9, Ball:1
Updating Score for Frame:9
Ball rolled, Frame: 10, Ball:1
Updating Score for Frame:10
Ball rolled, Frame: 10, Ball:2
Updating Score for Frame:10
Updating Score for Last Frame:10
Ball rolled, Frame: 10, Ball:3
Updating Score for Last Frame:10
Ball rolled, Frame: 1, Ball:1
Ball rolled, Frame: 1, Ball:2
Ball rolled, Frame: 2, Ball:1
Updating Score for Frame:2
Ball rolled, Frame: 2, Ball:2
Ball rolled, Frame: 3, Ball:1
Ball rolled, Frame: 3, Ball:2
Ball rolled, Frame: 4, Ball:1
Ball rolled, Frame: 4, Ball:2
Ball rolled, Frame: 5, Ball:1
Invalid Number of Pins or Negative Pins entered
Ball rolled, Frame: 1, Ball:1
Ball rolled, Frame: 2, Ball:1
Ball rolled, Frame: 2, Ball:2
Updating Score for Frame:2
Ball rolled, Frame: 3, Ball:1
Updating Score for Frame:3
Ball rolled, Frame: 4, Ball:1
Ball rolled, Frame: 4, Ball:2
Updating Score for Frame:4
Ball rolled, Frame: 5, Ball:1
Ball rolled, Frame: 5, Ball:2
Ball rolled, Frame: 6, Ball:1
Updating Score for Frame:6
Ball rolled, Frame: 6, Ball:2
Ball rolled, Frame: 7, Ball:1
Ball rolled, Frame: 8, Ball:1
Ball rolled, Frame: 8, Ball:2
Updating Score for Frame:8
Ball rolled, Frame: 9, Ball:1
Ball rolled, Frame: 9, Ball:2
Ball rolled, Frame: 10, Ball:1
Ball rolled, Frame: 10, Ball:2
Updating Score for Last Frame:10
Ball rolled, Frame: 10, Ball:3
Updating Score for Last Frame:10
Ball rolled, Frame: 1, Ball:1
Ball rolled, Frame: 1, Ball:2
Ball rolled, Frame: 2, Ball:1
Updating Score for Frame:2
Ball rolled, Frame: 2, Ball:2
Ball rolled, Frame: 3, Ball:1
Updating Score for Frame:3
Ball rolled, Frame: 3, Ball:2
Ball rolled, Frame: 4, Ball:1
Updating Score for Frame:4
Ball rolled, Frame: 4, Ball:2
Ball rolled, Frame: 5, Ball:1
Updating Score for Frame:5
Ball rolled, Frame: 5, Ball:2
Ball rolled, Frame: 6, Ball:1
Updating Score for Frame:6
Ball rolled, Frame: 6, Ball:2
Ball rolled, Frame: 7, Ball:1
Updating Score for Frame:7
Ball rolled, Frame: 7, Ball:2
Ball rolled, Frame: 8, Ball:1
Updating Score for Frame:8
Ball rolled, Frame: 8, Ball:2
Ball rolled, Frame: 9, Ball:1
Updating Score for Frame:9
Ball rolled, Frame: 9, Ball:2
Ball rolled, Frame: 10, Ball:1
Updating Score for Frame:10
Ball rolled, Frame: 10, Ball:2
Updating Score for Last Frame:10
Ball rolled, Frame: 10, Ball:3
Updating Score for Last Frame:10
Ball rolled, Frame: 1, Ball:1
Ball rolled, Frame: 2, Ball:1
Ball rolled, Frame: 2, Ball:2
Updating Score for Frame:2
Ball rolled, Frame: 3, Ball:1
Ball rolled, Frame: 4, Ball:1
Ball rolled, Frame: 4, Ball:2
Updating Score for Frame:4
Ball rolled, Frame: 5, Ball:1
Ball rolled, Frame: 6, Ball:1
Ball rolled, Frame: 6, Ball:2
Updating Score for Frame:6
Ball rolled, Frame: 7, Ball:1
Ball rolled, Frame: 8, Ball:1
Ball rolled, Frame: 8, Ball:2
Updating Score for Frame:8
Ball rolled, Frame: 9, Ball:1
Ball rolled, Frame: 10, Ball:1
Ball rolled, Frame: 10, Ball:2
Updating Score for Frame:10
Updating Score for Last Frame:10
Ball rolled, Frame: 10, Ball:3
Updating Score for Last Frame:10
Ball rolled, Frame: 1, Ball:1
Ball rolled, Frame: 1, Ball:2
Ball rolled, Frame: 2, Ball:1
Ball rolled, Frame: 2, Ball:2
Ball rolled, Frame: 3, Ball:1
Ball rolled, Frame: 3, Ball:2
Ball rolled, Frame: 4, Ball:1
Ball rolled, Frame: 4, Ball:2
Ball rolled, Frame: 5, Ball:1
Ball rolled, Frame: 5, Ball:2
Ball rolled, Frame: 6, Ball:1
Ball rolled, Frame: 6, Ball:2
Ball rolled, Frame: 7, Ball:1
Ball rolled, Frame: 7, Ball:2
Ball rolled, Frame: 8, Ball:1
Ball rolled, Frame: 8, Ball:2
Ball rolled, Frame: 9, Ball:1
Ball rolled, Frame: 9, Ball:2
Ball rolled, Frame: 10, Ball:1
Ball rolled, Frame: 10, Ball:2
Updating Score for Last Frame:10
Ball rolled, Frame: 10, Ball:3
Invalid Number of Pins or Negative Pins entered
Ball rolled, Frame: 1, Ball:1
Ball rolled, Frame: 1, Ball:2
Ball rolled, Frame: 2, Ball:1
Ball rolled, Frame: 2, Ball:2
Ball rolled, Frame: 3, Ball:1
Ball rolled, Frame: 3, Ball:2
Ball rolled, Frame: 4, Ball:1
Ball rolled, Frame: 4, Ball:2
Ball rolled, Frame: 5, Ball:1
Ball rolled, Frame: 5, Ball:2
Ball rolled, Frame: 6, Ball:1
Ball rolled, Frame: 6, Ball:2
Ball rolled, Frame: 7, Ball:1
Ball rolled, Frame: 7, Ball:2
Ball rolled, Frame: 8, Ball:1
Ball rolled, Frame: 8, Ball:2
Ball rolled, Frame: 9, Ball:1
Ball rolled, Frame: 9, Ball:2
Ball rolled, Frame: 10, Ball:1
Ball rolled, Frame: 10, Ball:2
Updating Score for Last Frame:10
Ball rolled, Frame: 10, Ball:3
Updating Score for Last Frame:10
Ball rolled, Frame: 1, Ball:1
Ball rolled, Frame: 1, Ball:2
Ball rolled, Frame: 2, Ball:1
Ball rolled, Frame: 2, Ball:2
Ball rolled, Frame: 3, Ball:1
Ball rolled, Frame: 4, Ball:1
Ball rolled, Frame: 4, Ball:2
Updating Score for Frame:4
Ball rolled, Frame: 5, Ball:1
Ball rolled, Frame: 5, Ball:2
Ball rolled, Frame: 6, Ball:1
Updating Score for Frame:6
Ball rolled, Frame: 7, Ball:1
Ball rolled, Frame: 8, Ball:1
Updating Score for Frame:8
Ball rolled, Frame: 8, Ball:2
Updating Score for Frame:8
Ball rolled, Frame: 9, Ball:1
Ball rolled, Frame: 9, Ball:2
Ball rolled, Frame: 10, Ball:1
Ball rolled, Frame: 10, Ball:2
Updating Score for Last Frame:10
Ball rolled, Frame: 10, Ball:3
Updating Score for Last Frame:10
Ball rolled, Frame: 1, Ball:1
Ball rolled, Frame: 1, Ball:2
Ball rolled, Frame: 2, Ball:1
Ball rolled, Frame: 2, Ball:2
Ball rolled, Frame: 3, Ball:1
Ball rolled, Frame: 3, Ball:2
Ball rolled, Frame: 4, Ball:1
Ball rolled, Frame: 4, Ball:2
Ball rolled, Frame: 5, Ball:1
Ball rolled, Frame: 5, Ball:2
Ball rolled, Frame: 6, Ball:1
Ball rolled, Frame: 6, Ball:2
Ball rolled, Frame: 7, Ball:1
Ball rolled, Frame: 7, Ball:2
Ball rolled, Frame: 8, Ball:1
Ball rolled, Frame: 8, Ball:2
Ball rolled, Frame: 9, Ball:1
Ball rolled, Frame: 9, Ball:2
Ball rolled, Frame: 10, Ball:1
Ball rolled, Frame: 10, Ball:2
Updating Score for Last Frame:10
Ball rolled, Frame: 1, Ball:1
Ball rolled, Frame: 1, Ball:2
Ball rolled, Frame: 2, Ball:1
Ball rolled, Frame: 3, Ball:1
Ball rolled, Frame: 3, Ball:2
Updating Score for Frame:3
Ball rolled, Frame: 4, Ball:1
Ball rolled, Frame: 4, Ball:2
Ball rolled, Frame: 5, Ball:1
Ball rolled, Frame: 5, Ball:2
Ball rolled, Frame: 6, Ball:1
Updating Score for Frame:6
Ball rolled, Frame: 1, Ball:1
Ball rolled, Frame: 1, Ball:2
Ball rolled, Frame: 2, Ball:1
Ball rolled, Frame: 2, Ball:2
Ball rolled, Frame: 3, Ball:1
Ball rolled, Frame: 3, Ball:2
Ball rolled, Frame: 4, Ball:1
Updating Score for Frame:4
Ball rolled, Frame: 4, Ball:2
Ball rolled, Frame: 5, Ball:1
Updating Score for Frame:5
Ball rolled, Frame: 6, Ball:1
Ball rolled, Frame: 6, Ball:2
Updating Score for Frame:6
Ball rolled, Frame: 7, Ball:1
Ball rolled, Frame: 7, Ball:2
Ball rolled, Frame: 8, Ball:1
Updating Score for Frame:8
Ball rolled, Frame: 8, Ball:2
Ball rolled, Frame: 9, Ball:1
Updating Score for Frame:9
Ball rolled, Frame: 10, Ball:1
Ball rolled, Frame: 10, Ball:2
Updating Score for Frame:10
Updating Score for Last Frame:10
Ball rolled, Frame: 10, Ball:3
Updating Score for Last Frame:10
Ball rolled, Frame: 1, Ball:1
Ball rolled, Frame: 2, Ball:1
Ball rolled, Frame: 3, Ball:1
Updating Score for Frame:3
Ball rolled, Frame: 4, Ball:1
Updating Score for Frame:4
Ball rolled, Frame: 5, Ball:1
Updating Score for Frame:5
Ball rolled, Frame: 6, Ball:1
Updating Score for Frame:6
Ball rolled, Frame: 7, Ball:1
Updating Score for Frame:7
Ball rolled, Frame: 8, Ball:1
Updating Score for Frame:8
Ball rolled, Frame: 9, Ball:1
Updating Score for Frame:9
Ball rolled, Frame: 10, Ball:1
Updating Score for Frame:10
Ball rolled, Frame: 10, Ball:2
Updating Score for Frame:10
Updating Score for Last Frame:10
Ball rolled, Frame: 10, Ball:3
Updating Score for Last Frame:10
Ball rolled, Frame: 1, Ball:1
Ball rolled, Frame: 1, Ball:2
Ball rolled, Frame: 2, Ball:1
Updating Score for Frame:2
Ball rolled, Frame: 2, Ball:2
Ball rolled, Frame: 3, Ball:1
Ball rolled, Frame: 3, Ball:2
Ball rolled, Frame: 4, Ball:1
Ball rolled, Frame: 4, Ball:2
Ball rolled, Frame: 5, Ball:1
Invalid Number of Pins or Negative Pins entered
Ball rolled, Frame: 1, Ball:1
Ball rolled, Frame: 2, Ball:1
Ball rolled, Frame: 2, Ball:2
Updating Score for Frame:2
Ball rolled, Frame: 3, Ball:1
Updating Score for Frame:3
Ball rolled, Frame: 4, Ball:1
Ball rolled, Frame: 4, Ball:2
Updating Score for Frame:4
Ball rolled, Frame: 5, Ball:1
Ball rolled, Frame: 5, Ball:2
Ball rolled, Frame: 6, Ball:1
Updating Score for Frame:6
Ball rolled, Frame: 6, Ball:2
Ball rolled, Frame: 7, Ball:1
Ball rolled, Frame: 8, Ball:1
Ball rolled, Frame: 8, Ball:2
Updating Score for Frame:8
Ball rolled, Frame: 9, Ball:1
Ball rolled, Frame: 9, Ball:2
Ball rolled, Frame: 10, Ball:1
Ball rolled, Frame: 10, Ball:2
Updating Score for Last Frame:10
Ball rolled, Frame: 10, Ball:3
Updating Score for Last Frame:10
